
> heberg@1.0.0 start
> node server.js

Connecting to Mongo database...
Server listening on port 4000
/Users/ethan/Documents/Développement/vps/Heberg/node_modules/mongoose/lib/connection.js:694
    throw new MongooseError('The `uri` parameter to `openUri()` must be a ' +
          ^

MongooseError: The `uri` parameter to `openUri()` must be a string, got "undefined". Make sure the first parameter to `mongoose.connect()` or `mongoose.createConnection()` is a string.
    at NativeConnection.Connection.openUri (/Users/ethan/Documents/Développement/vps/Heberg/node_modules/mongoose/lib/connection.js:694:11)
    at /Users/ethan/Documents/Développement/vps/Heberg/node_modules/mongoose/lib/index.js:351:10
    at /Users/ethan/Documents/Développement/vps/Heberg/node_modules/mongoose/lib/helpers/promiseOrCallback.js:32:5
    at new Promise (<anonymous>)
    at promiseOrCallback (/Users/ethan/Documents/Développement/vps/Heberg/node_modules/mongoose/lib/helpers/promiseOrCallback.js:31:10)
    at Mongoose._promiseOrCallback (/Users/ethan/Documents/Développement/vps/Heberg/node_modules/mongoose/lib/index.js:1149:10)
    at Mongoose.connect (/Users/ethan/Documents/Développement/vps/Heberg/node_modules/mongoose/lib/index.js:350:20)
    at Object.<anonymous> (/Users/ethan/Documents/Développement/vps/Heberg/server.js:17:10)
    at Module._compile (node:internal/modules/cjs/loader:1101:14)
    at Object.Module._extensions..js (node:internal/modules/cjs/loader:1153:10)
    at Module.load (node:internal/modules/cjs/loader:981:32)
    at Function.Module._load (node:internal/modules/cjs/loader:822:12)
    at Function.executeUserEntryPoint [as runMain] (node:internal/modules/run_main:79:12)
    at node:internal/main/run_main_module:17:47
